2025-06-14 14:37:35.706+0000 INFO  [o.n.g.f.m.GlobalModule] Logging config in use: Embedded default config 'default-server-logs.xml'
2025-06-14 14:37:35.814+0000 WARN  [o.n.i.p.PageCache] Reflection access to java.nio.DirectByteBuffer is not available, using fallback mode. This could have negative impact on performance and memory usage. Consider adding --add-opens=java.base/java.nio=ALL-UNNAMED to VM options.
2025-06-14 14:37:35.922+0000 INFO  [o.n.i.d.DiagnosticsManager] 
                                                                ********************************************************************************
                                                                                             [ System diagnostics ]                             
                                                                ********************************************************************************
                                                                --------------------------------------------------------------------------------
                                                                                         [ System memory information ]                          
                                                                --------------------------------------------------------------------------------
                                                                Total Physical memory: 64.00GiB
                                                                Free Physical memory: 63.25GiB
                                                                Committed virtual memory: 21.36GiB
                                                                Total swap space: 64.00GiB
                                                                Free swap space: 64.00GiB
                                                                
                                                                --------------------------------------------------------------------------------
                                                                                           [ JVM memory information ]                           
                                                                --------------------------------------------------------------------------------
                                                                Free  memory: 7.971GiB
                                                                Total memory: 8.000GiB
                                                                Max   memory: 16.00GiB
                                                                Garbage Collector: G1 Young Generation: [G1 Eden Space, G1 Survivor Space, G1 Old Gen]
                                                                Garbage Collector: G1 Old Generation: [G1 Eden Space, G1 Survivor Space, G1 Old Gen]
                                                                Memory Pool: CodeHeap 'non-nmethods' (Non-heap memory): committed=2.938MiB, used=2.884MiB, max=7.254MiB, threshold=0B
                                                                Memory Pool: Metaspace (Non-heap memory): committed=21.69MiB, used=21.41MiB, max=-1B, threshold=0B
                                                                Memory Pool: CodeHeap 'profiled nmethods' (Non-heap memory): committed=5.188MiB, used=5.172MiB, max=116.4MiB, threshold=0B
                                                                Memory Pool: Compressed Class Space (Non-heap memory): committed=2.438MiB, used=2.291MiB, max=1.000GiB, threshold=0B
                                                                Memory Pool: G1 Eden Space (Heap memory): committed=408.0MiB, used=0B, max=-1B, threshold=?
                                                                Memory Pool: G1 Old Gen (Heap memory): committed=7.578GiB, used=4.922MiB, max=16.00GiB, threshold=0B
                                                                Memory Pool: G1 Survivor Space (Heap memory): committed=24.00MiB, used=20.40MiB, max=-1B, threshold=?
                                                                Memory Pool: CodeHeap 'non-profiled nmethods' (Non-heap memory): committed=2.438MiB, used=1.353MiB, max=116.4MiB, threshold=0B
                                                                
                                                                --------------------------------------------------------------------------------
                                                                                        [ Operating system information ]                        
                                                                --------------------------------------------------------------------------------
                                                                Operating System: Linux; version: 6.8.0-60-generic; arch: amd64; cpus: 24
                                                                Max number of file descriptors: 1048576
                                                                Number of open file descriptors: 189
                                                                Process id: 7
                                                                Byte order: LITTLE_ENDIAN
                                                                Local timezone: Etc/UTC
                                                                Memory page size: 4096
                                                                Unaligned memory access allowed: true
                                                                
                                                                --------------------------------------------------------------------------------
                                                                                              [ JVM information ]                               
                                                                --------------------------------------------------------------------------------
                                                                VM Name: OpenJDK 64-Bit Server VM
                                                                VM Vendor: Eclipse Adoptium
                                                                VM Version: 17.0.9+9
                                                                JIT compiler: HotSpot 64-Bit Tiered Compilers
                                                                VM Arguments: [-Dfile.encoding=UTF-8, -Xms8388608k, -Xmx16777216k]
                                                                
                                                                --------------------------------------------------------------------------------
                                                                                               [ Java classpath ]                               
                                                                --------------------------------------------------------------------------------
                                                                 [classpath] /var/lib/neo4j/lib/commons-lang3-3.13.0.jar
                                                                 [classpath] /var/lib/neo4j/lib/neo4j-import-tool-5.15.0.jar
                                                                 [classpath] /var/lib/neo4j/lib/shiro-cache-1.13.0.jar
                                                                 [classpath] /var/lib/neo4j/lib/jetty-security-10.0.17.jar
                                                                 [classpath] /var/lib/neo4j/lib/netty-common-4.1.100.Final.jar
                                                                 [classpath] /var/lib/neo4j/lib/jPowerShell-3.0.jar
                                                                 [classpath] /var/lib/neo4j/lib/netty-tcnative-classes-2.0.61.Final.jar
                                                                 [classpath] /var/lib/neo4j/lib/mercator_2.13-0.2.1.jar
                                                                 [classpath] /var/lib/neo4j/lib/netty-transport-4.1.100.Final.jar
                                                                 [classpath] /var/lib/neo4j/lib/neo4j-5.15.0.jar
                                                                 [classpath] /var/lib/neo4j/lib/neo4j-push-to-cloud-5.15.0.jar
                                                                 [classpath] /var/lib/neo4j/lib/neo4j-cypher-ast-factory-5.15.0.jar
                                                                 [classpath] /var/lib/neo4j/lib/jaxb-runtime-2.3.2.jar
                                                                 [classpath] /var/lib/neo4j/lib/reactive-streams-1.0.4.jar
                                                                 [classpath] /var/lib/neo4j/lib/server-api-5.15.0.jar
                                                                 [classpath] /var/lib/neo4j/lib/neo4j-procedure-5.15.0.jar
                                                                 [classpath] /var/lib/neo4j/lib/neo4j-security-5.15.0.jar
                                                                 [classpath] /var/lib/neo4j/lib/javassist-3.25.0-GA.jar
                                                                 [classpath] /var/lib/neo4j/lib/commons-io-2.15.0.jar
                                                                 [classpath] /var/lib/neo4j/lib/neo4j-codegen-5.15.0.jar
                                                                 [classpath] /var/lib/neo4j/lib/jersey-container-servlet-2.34.jar
                                                                 [classpath] /var/lib/neo4j/lib/caffeine-3.1.8.jar
                                                                 [classpath] /var/lib/neo4j/lib/commons-configuration2-2.9.0.jar
                                                                 [classpath] /var/lib/neo4j/lib/neo4j-kernel-api-5.15.0.jar
                                                                 [classpath] /var/lib/neo4j/lib/scala-library-2.13.11.jar
                                                                 [classpath] /var/lib/neo4j/lib/shiro-core-1.13.0.jar
                                                                 [classpath] /var/lib/neo4j/lib/jetty-io-10.0.17.jar
                                                                 [classpath] /var/lib/neo4j/lib/jetty-xml-10.0.17.jar
                                                                 [classpath] /var/lib/neo4j/lib/neo4j-native-5.15.0.jar
                                                                 [classpath] /var/lib/neo4j/lib/neo4j-bolt-5.15.0.jar
                                                                 [classpath] /var/lib/neo4j/lib/picocli-4.7.5.jar
                                                                 [classpath] /var/lib/neo4j/lib/jetty-servlet-10.0.17.jar
                                                                 [classpath] /var/lib/neo4j/lib/neo4j-lock-5.15.0.jar
                                                                 [classpath] /var/lib/neo4j/lib/neo4j-record-storage-engine-5.15.0.jar
                                                                 [classpath] /var/lib/neo4j/lib/neo4j-cypher-5.15.0.jar
                                                                 [classpath] /var/lib/neo4j/conf/*
                                                                 [classpath] /var/lib/neo4j/lib/neo4j-values-5.15.0.jar
                                                                 [classpath] /var/lib/neo4j/lib/neo4j-cypher-planner-5.15.0.jar
                                                                 [classpath] /var/lib/neo4j/lib/WMI4Java-1.6.3.jar
                                                                 [classpath] /var/lib/neo4j/lib/neo4j-cypher-planner-spi-5.15.0.jar
                                                                 [classpath] /var/lib/neo4j/lib/neo4j-collections-5.15.0.jar
                                                                 [classpath] /var/lib/neo4j/lib/neo4j-util-5.15.0.jar
                                                                 [classpath] /var/lib/neo4j/lib/jakarta.xml.bind-api-2.3.2.jar
                                                                 [classpath] /var/lib/neo4j/lib/jProcesses-1.6.5.jar
                                                                 [classpath] /var/lib/neo4j/lib/neo4j-csv-5.15.0.jar
                                                                 [classpath] /var/lib/neo4j/lib/neo4j-consistency-check-5.15.0.jar
                                                                 [classpath] /var/lib/neo4j/lib/neo4j-procedure-api-5.15.0.jar
                                                                 [classpath] /var/lib/neo4j/lib/neo4j-lucene-index-5.15.0.jar
                                                                 [classpath] /var/lib/neo4j/lib/hk2-locator-2.6.1.jar
                                                                 [classpath] /var/lib/neo4j/lib/jersey-common-2.34.jar
                                                                 [classpath] /var/lib/neo4j/lib/neo4j-configuration-5.15.0.jar
                                                                 [classpath] /var/lib/neo4j/lib/neo4j-expressions-5.15.0.jar
                                                                 [classpath] /var/lib/neo4j/lib/neo4j-logging-5.15.0.jar
                                                                 [classpath] /var/lib/neo4j/lib/neo4j-schema-5.15.0.jar
                                                                 [classpath] /var/lib/neo4j/lib/neo4j-common-5.15.0.jar
                                                                 [classpath] /var/lib/neo4j/lib/jackson-annotations-2.15.2.jar
                                                                 [classpath] /var/lib/neo4j/lib/eclipse-collections-api-11.1.0.jar
                                                                 [classpath] /var/lib/neo4j/lib/jersey-container-servlet-core-2.34.jar
                                                                 [classpath] /var/lib/neo4j/lib/neo4j-id-generator-5.15.0.jar
                                                                 [classpath] /var/lib/neo4j/lib/jansi-2.4.0.jar
                                                                 [classpath] /var/lib/neo4j/lib/jetty-webapp-10.0.17.jar
                                                                 [classpath] /var/lib/neo4j/lib/jetty-http-10.0.17.jar
                                                                 [classpath] /var/lib/neo4j/lib/neo4j-dbms-5.15.0.jar
                                                                 [classpath] /var/lib/neo4j/lib/neo4j-spatial-index-5.15.0.jar
                                                                 [classpath] /var/lib/neo4j/lib/ipaddress-5.4.0.jar
                                                                 [classpath] /var/lib/neo4j/lib/shiro-config-core-1.13.0.jar
                                                                 [classpath] /var/lib/neo4j/lib/neo4j-server-5.15.0.jar
                                                                 [classpath] /var/lib/neo4j/lib/jline-terminal-3.21.0.jar
                                                                 [classpath] /var/lib/neo4j/lib/netty-transport-classes-kqueue-4.1.100.Final.jar
                                                                 [classpath] /var/lib/neo4j/lib/neo4j-cypher-logical-plans-5.15.0.jar
                                                                 [classpath] /var/lib/neo4j/lib/neo4j-io-5.15.0.jar
                                                                 [classpath] /var/lib/neo4j/lib/netty-transport-native-kqueue-4.1.100.Final-osx-aarch_64.jar
                                                                 [classpath] /var/lib/neo4j/lib/neo4j-cypher-physical-planning-5.15.0.jar
                                                                 [classpath] /var/lib/neo4j/lib/neo4j-resource-5.15.0.jar
                                                                 [classpath] /var/lib/neo4j/lib/lucene-analysis-common-9.8.0.jar
                                                                 [classpath] /var/lib/neo4j/lib/commons-text-1.11.0.jar
                                                                 [classpath] /var/lib/neo4j/lib/jakarta.ws.rs-api-2.1.6.jar
                                                                 [classpath] /var/lib/neo4j/lib/kiama_2.13-2.5.1.jar
                                                                 [classpath] /var/lib/neo4j/lib/neo4j-cypher-config-5.15.0.jar
                                                                 [classpath] /var/lib/neo4j/lib/zstd-proxy-5.15.0.jar
                                                                 [classpath] /var/lib/neo4j/lib/jline-terminal-jansi-3.21.0.jar
                                                                 [classpath] /var/lib/neo4j/lib/hk2-api-2.6.1.jar
                                                                 [classpath] /var/lib/neo4j/lib/reactor-core-3.5.11.jar
                                                                 [classpath] /var/lib/neo4j/lib/netty-transport-native-epoll-4.1.100.Final-linux-x86_64.jar
                                                                 [classpath] /var/lib/neo4j/lib/shiro-lang-1.13.0.jar
                                                                 [classpath] /var/lib/neo4j/lib/istack-commons-runtime-3.0.8.jar
                                                                 [classpath] /var/lib/neo4j/lib/jackson-jaxrs-json-provider-2.15.2.jar
                                                                 [classpath] /var/lib/neo4j/lib/jetty-servlet-api-4.0.6.jar
                                                                 [classpath] /var/lib/neo4j/lib/shiro-crypto-cipher-1.13.0.jar
                                                                 [classpath] /var/lib/neo4j/lib/eclipse-collections-11.1.0.jar
                                                                 [classpath] /var/lib/neo4j/lib/neo4j-exceptions-5.15.0.jar
                                                                 [classpath] /var/lib/neo4j/lib/neo4j-fulltext-index-5.15.0.jar
                                                                 [classpath] /var/lib/neo4j/lib/netty-transport-native-kqueue-4.1.100.Final-osx-x86_64.jar
                                                                 [classpath] /var/lib/neo4j/lib/neo4j-capabilities-5.15.0.jar
                                                                 [classpath] /var/lib/neo4j/lib/neo4j-cypher-macros-5.15.0.jar
                                                                 [classpath] /var/lib/neo4j/lib/neo4j-ssl-5.15.0.jar
                                                                 [classpath] /var/lib/neo4j/lib/neo4j-fabric-5.15.0.jar
                                                                 [classpath] /var/lib/neo4j/lib/jetty-util-10.0.17.jar
                                                                 [classpath] /var/lib/neo4j/lib/neo4j-browser-5.12.0.jar
                                                                 [classpath] /var/lib/neo4j/lib/jetty-server-10.0.17.jar
                                                                 [classpath] /var/lib/neo4j/lib/neo4j-cypher-dsl-2023.8.0.jar
                                                                 [classpath] /var/lib/neo4j/lib/jackson-jaxrs-base-2.15.2.jar
                                                                 [classpath] /var/lib/neo4j/lib/neo4j-graph-algo-5.15.0.jar
                                                                 [classpath] /var/lib/neo4j/lib/jakarta.activation-api-1.2.2.jar
                                                                 [classpath] /var/lib/neo4j/plugins/*
                                                                 [classpath] /var/lib/neo4j/lib/neo4j-cypher-javacc-parser-5.15.0.jar
                                                                 [classpath] /var/lib/neo4j/lib/jakarta.validation-api-2.0.2.jar
                                                                 [classpath] /var/lib/neo4j/lib/magnolia_2.13-0.17.0.jar
                                                                 [classpath] /var/lib/neo4j/lib/jctools-core-4.0.1.jar
                                                                 [classpath] /var/lib/neo4j/lib/neo4j-slf4j-provider-5.15.0.jar
                                                                 [classpath] /var/lib/neo4j/lib/jettison-1.5.4.jar
                                                                 [classpath] /var/lib/neo4j/lib/netty-transport-native-epoll-4.1.100.Final-linux-aarch_64.jar
                                                                 [classpath] /var/lib/neo4j/lib/jakarta.inject-2.6.1.jar
                                                                 [classpath] /var/lib/neo4j/lib/neo4j-index-5.15.0.jar
                                                                 [classpath] /var/lib/neo4j/lib/hk2-utils-2.6.1.jar
                                                                 [classpath] /var/lib/neo4j/lib/stax-ex-1.8.1.jar
                                                                 [classpath] /var/lib/neo4j/lib/neo4j-ast-5.15.0.jar
                                                                 [classpath] /var/lib/neo4j/lib/annotations-5.15.0.jar
                                                                 [classpath] /var/lib/neo4j/lib/slf4j-api-2.0.9.jar
                                                                 [classpath] /var/lib/neo4j/lib/txw2-2.3.2.jar
                                                                 [classpath] /var/lib/neo4j/lib/netty-codec-4.1.100.Final.jar
                                                                 [classpath] /var/lib/neo4j/lib/commons-compress-1.24.0.jar
                                                                 [classpath] /var/lib/neo4j/lib/netty-buffer-4.1.100.Final.jar
                                                                 [classpath] /var/lib/neo4j/lib/lucene-core-9.8.0.jar
                                                                 [classpath] /var/lib/neo4j/lib/log4j-api-2.20.0.jar
                                                                 [classpath] /var/lib/neo4j/lib/lucene-queryparser-9.8.0.jar
                                                                 [classpath] /var/lib/neo4j/lib/jline-reader-3.21.0.jar
                                                                 [classpath] /var/lib/neo4j/lib/neo4j-cypher-ir-5.15.0.jar
                                                                 [classpath] /var/lib/neo4j/lib/cypher-shell-5.15.0.jar
                                                                 [classpath] /var/lib/neo4j/lib/FastInfoset-1.2.16.jar
                                                                 [classpath] /var/lib/neo4j/lib/argparse4j-0.9.0.jar
                                                                 [classpath] /var/lib/neo4j/lib/neo4j-concurrent-5.15.0.jar
                                                                 [classpath] /var/lib/neo4j/lib/log4j-core-2.20.0.jar
                                                                 [classpath] /var/lib/neo4j/lib/shiro-event-1.13.0.jar
                                                                 [classpath] /var/lib/neo4j/lib/commons-logging-1.2.jar
                                                                 [classpath] /var/lib/neo4j/lib/neo4j-token-api-5.15.0.jar
                                                                 [classpath] /var/lib/neo4j/lib/jna-5.13.0.jar
                                                                 [classpath] /var/lib/neo4j/lib/jackson-core-2.15.2.jar
                                                                 [classpath] /var/lib/neo4j/lib/neo4j-data-collector-5.15.0.jar
                                                                 [classpath] /var/lib/neo4j/lib/neo4j-rewriting-5.15.0.jar
                                                                 [classpath] /var/lib/neo4j/lib/neo4j-storage-engine-util-5.15.0.jar
                                                                 [classpath] /var/lib/neo4j/lib/netty-resolver-4.1.100.Final.jar
                                                                 [classpath] /var/lib/neo4j/lib/neo4j-cypher-expression-evaluator-5.15.0.jar
                                                                 [classpath] /var/lib/neo4j/lib/neo4j-import-util-5.15.0.jar
                                                                 [classpath] /var/lib/neo4j/lib/zstd-jni-1.5.5-10.jar
                                                                 [classpath] /var/lib/neo4j/lib/neo4j-query-router-5.15.0.jar
                                                                 [classpath] /var/lib/neo4j/lib/neo4j-bootcheck-5.15.0.jar
                                                                 [classpath] /var/lib/neo4j/lib/jackson-databind-2.15.2.jar
                                                                 [classpath] /var/lib/neo4j/lib/neo4j-wal-5.15.0.jar
                                                                 [classpath] /var/lib/neo4j/lib/neo4j-cypher-slotted-runtime-5.15.0.jar
                                                                 [classpath] /var/lib/neo4j/lib/neo4j-java-driver-5.15.0.jar
                                                                 [classpath] /var/lib/neo4j/lib/netty-handler-4.1.100.Final.jar
                                                                 [classpath] /var/lib/neo4j/lib/scala-reflect-2.13.11.jar
                                                                 [classpath] /var/lib/neo4j/lib/cypher-literal-interpreter-5.15.0.jar
                                                                 [classpath] /var/lib/neo4j/lib/jakarta.annotation-api-1.3.5.jar
                                                                 [classpath] /var/lib/neo4j/lib/neo4j-cypher-interpreted-runtime-5.15.0.jar
                                                                 [classpath] /var/lib/neo4j/lib/shiro-crypto-core-1.13.0.jar
                                                                 [classpath] /var/lib/neo4j/lib/jackson-module-jaxb-annotations-2.15.2.jar
                                                                 [classpath] /var/lib/neo4j/lib/neo4j-unsafe-5.15.0.jar
                                                                 [classpath] /var/lib/neo4j/lib/neo4j-diagnostics-5.15.0.jar
                                                                 [classpath] /var/lib/neo4j/lib/netty-transport-classes-epoll-4.1.100.Final.jar
                                                                 [classpath] /var/lib/neo4j/lib/neo4j-command-line-5.15.0.jar
                                                                 [classpath] /var/lib/neo4j/lib/netty-transport-native-unix-common-4.1.100.Final.jar
                                                                 [classpath] /var/lib/neo4j/lib/netty-codec-http-4.1.100.Final.jar
                                                                 [classpath] /var/lib/neo4j/lib/neo4j-layout-5.15.0.jar
                                                                 [classpath] /var/lib/neo4j/lib/neo4j-cypher-cache-5.15.0.jar
                                                                 [classpath] /var/lib/neo4j/lib/neo4j-cypher-runtime-util-5.15.0.jar
                                                                 [classpath] /var/lib/neo4j/lib/lucene-backward-codecs-9.8.0.jar
                                                                 [classpath] /var/lib/neo4j/lib/log4j-layout-template-json-2.20.0.jar
                                                                 [classpath] /var/lib/neo4j/lib/jersey-server-2.34.jar
                                                                 [classpath] /var/lib/neo4j/lib/shiro-crypto-hash-1.13.0.jar
                                                                 [classpath] /var/lib/neo4j/lib/scala-collection-contrib_2.13-0.3.0.jar
                                                                 [classpath] /var/lib/neo4j/lib/neo4j-kernel-5.15.0.jar
                                                                 [classpath] /var/lib/neo4j/lib/cypher-ast-factory-5.15.0.jar
                                                                 [classpath] /var/lib/neo4j/lib/neo4j-monitoring-5.15.0.jar
                                                                 [classpath] /var/lib/neo4j/lib/jersey-client-2.34.jar
                                                                 [classpath] /var/lib/neo4j/lib/neo4j-graphdb-api-5.15.0.jar
                                                                 [classpath] /var/lib/neo4j/lib/neo4j-front-end-5.15.0.jar
                                                                 [classpath] /var/lib/neo4j/lib/jersey-hk2-2.34.jar
                                                                
                                                                --------------------------------------------------------------------------------
                                                                                                [ Library path ]                                
                                                                --------------------------------------------------------------------------------
                                                                /usr/java/packages/lib
                                                                /usr/lib64
                                                                /lib64
                                                                /lib
                                                                /usr/lib
                                                                
                                                                --------------------------------------------------------------------------------
                                                                                             [ System properties ]                              
                                                                --------------------------------------------------------------------------------
                                                                sun.jnu.encoding = ANSI_X3.4-1968
                                                                sun.arch.data.model = 64
                                                                user.timezone = Etc/UTC
                                                                sun.java.launcher = SUN_STANDARD
                                                                user.country = US
                                                                sun.boot.library.path = /opt/java/openjdk/lib
                                                                sun.java.command = org.neo4j.server.CommunityEntryPoint --home-dir=/var/lib/neo4j --config-dir=/var/lib/neo4j/conf --console-mode
                                                                jdk.debug = release
                                                                sun.cpu.endian = little
                                                                user.home = /var/lib/neo4j
                                                                user.language = en
                                                                file.separator = /
                                                                sun.management.compiler = HotSpot 64-Bit Tiered Compilers
                                                                user.name = neo4j
                                                                path.separator = :
                                                                file.encoding = UTF-8
                                                                jnidispatch.path = /var/lib/neo4j/.cache/JNA/temp/jna2752383107777584516.tmp
                                                                jna.loaded = true
                                                                user.dir = /var/lib/neo4j
                                                                native.encoding = ANSI_X3.4-1968
                                                                sun.io.unicode.encoding = UnicodeLittle
                                                                
                                                                --------------------------------------------------------------------------------
                                                                                      [ (IANA) TimeZone database version ]                      
                                                                --------------------------------------------------------------------------------
                                                                  TimeZone version: 2023c (available for 603 zone identifiers)
                                                                
                                                                --------------------------------------------------------------------------------
                                                                                            [ Network information ]                             
                                                                --------------------------------------------------------------------------------
                                                                Interface eth0:
                                                                    address: 172.17.0.3
                                                                Interface lo:
                                                                    address: 0:0:0:0:0:0:0:1%lo
                                                                    address: 127.0.0.1
                                                                
                                                                --------------------------------------------------------------------------------
                                                                                         [ Native access information ]                          
                                                                --------------------------------------------------------------------------------
                                                                Native access details: Linux native access is available.
                                                                
                                                                --------------------------------------------------------------------------------
                                                                                                [ DBMS config ]                                 
                                                                --------------------------------------------------------------------------------
                                                                DBMS provided settings:
                                                                db.transaction.timeout=1m
                                                                dbms.security.auth_enabled=true
                                                                server.bolt.listen_address=0.0.0.0:7687
                                                                server.config.strict_validation.enabled=false
                                                                server.default_listen_address=0.0.0.0
                                                                server.directories.logs=/logs
                                                                server.directories.neo4j_home=/var/lib/neo4j
                                                                server.http.listen_address=0.0.0.0:7474
                                                                server.memory.heap.initial_size=8.00GiB
                                                                server.memory.heap.max_size=16.00GiB
                                                                server.memory.pagecache.size=32.00GiB
                                                                Directories in use:
                                                                server.directories.data=/var/lib/neo4j/data
                                                                server.directories.dumps.root=/var/lib/neo4j/data/dumps
                                                                server.directories.import=/var/lib/neo4j
                                                                server.directories.lib=/var/lib/neo4j/lib
                                                                server.directories.licenses=/var/lib/neo4j/licenses
                                                                server.directories.logs=/logs
                                                                server.directories.neo4j_home=/var/lib/neo4j
                                                                server.directories.plugins=/var/lib/neo4j/plugins
                                                                server.directories.run=/var/lib/neo4j/run
                                                                server.directories.script.root=/var/lib/neo4j/data/scripts
                                                                server.directories.transaction.logs.root=/var/lib/neo4j/data/transactions
                                                                
                                                                --------------------------------------------------------------------------------
                                                                                                 [ Packaging ]                                  
                                                                --------------------------------------------------------------------------------
                                                                Edition: Community
                                                                Package Type: tar
                                                                
2025-06-14 14:37:35.935+0000 INFO  [o.n.d.i.DefaultIdentityModule] Generated new ServerId: ServerId{d7472713} (d7472713-c88e-4eb4-a6f1-fd9a5fdc2ede)
2025-06-14 14:37:35.936+0000 INFO  [o.n.d.i.DefaultIdentityModule] This instance is ServerId{d7472713} (d7472713-c88e-4eb4-a6f1-fd9a5fdc2ede)
2025-06-14 14:37:36.251+0000 INFO  [o.n.s.CommunityNeoWebServer] ======== Neo4j 5.15.0 ========
2025-06-14 14:37:36.256+0000 INFO  [o.n.d.d.DatabaseLifecycles] Creating 'DatabaseId{00000000[system]}'.
2025-06-14 14:37:36.296+0000 INFO  [o.n.b.BoltServer] Using connector transport epoll
2025-06-14 14:37:36.339+0000 INFO  [o.n.b.BoltServer] Configured external Bolt connector with listener address /0.0.0.0:7687
2025-06-14 14:37:36.339+0000 INFO  [o.n.b.BoltServer] Bolt server loaded
2025-06-14 14:37:36.348+0000 INFO  [o.n.d.d.DatabaseLifecycles] Starting 'DatabaseId{00000000[system]}'.
2025-06-14 14:37:36.596+0000 INFO  [o.n.i.d.DiagnosticsManager] [system/00000000] 
                                                                [system/00000000] ********************************************************************************
                                                                [system/00000000]                               [ Database: system ]                              
                                                                [system/00000000] ********************************************************************************
                                                                [system/00000000] --------------------------------------------------------------------------------
                                                                [system/00000000]                                   [ Version ]                                   
                                                                [system/00000000] --------------------------------------------------------------------------------
                                                                [system/00000000] DBMS: community record-aligned-1.1
                                                                [system/00000000] Kernel version: 5.15.0
                                                                [system/00000000] 
                                                                [system/00000000] --------------------------------------------------------------------------------
                                                                [system/00000000]                                 [ Store files ]                                 
                                                                [system/00000000] --------------------------------------------------------------------------------
                                                                [system/00000000] Disk space on partition (Total / Free / Free %): 4000785104896 / 2072718020608 / 51
                                                                [system/00000000] Storage files stored on file store: btrfs
                                                                [system/00000000] Storage files: (filename : modification date - size)
                                                                [system/00000000]   neostore: 2025-06-14 14:37:36.535+0000 - 8.000KiB
                                                                [system/00000000]   neostore.counts.db: 2025-06-14 14:37:36.546+0000 - 0B
                                                                [system/00000000]   neostore.indexstats.db: 2025-06-14 14:37:36.553+0000 - 0B
                                                                [system/00000000]   neostore.labeltokenstore.db: 2025-06-14 14:37:36.527+0000 - 0B
                                                                [system/00000000]   neostore.labeltokenstore.db.id: 2025-06-14 14:37:36.527+0000 - 0B
                                                                [system/00000000]   neostore.labeltokenstore.db.names: 2025-06-14 14:37:36.525+0000 - 8.000KiB
                                                                [system/00000000]   neostore.labeltokenstore.db.names.id: 2025-06-14 14:37:36.524+0000 - 0B
                                                                [system/00000000]   neostore.nodestore.db: 2025-06-14 14:37:36.511+0000 - 0B
                                                                [system/00000000]   neostore.nodestore.db.id: 2025-06-14 14:37:36.511+0000 - 0B
                                                                [system/00000000]   neostore.nodestore.db.labels: 2025-06-14 14:37:36.503+0000 - 8.000KiB
                                                                [system/00000000]   neostore.nodestore.db.labels.id: 2025-06-14 14:37:36.490+0000 - 0B
                                                                [system/00000000]   neostore.propertystore.db: 2025-06-14 14:37:36.520+0000 - 0B
                                                                [system/00000000]   neostore.propertystore.db.arrays: 2025-06-14 14:37:36.517+0000 - 8.000KiB
                                                                [system/00000000]   neostore.propertystore.db.arrays.id: 2025-06-14 14:37:36.517+0000 - 0B
                                                                [system/00000000]   neostore.propertystore.db.id: 2025-06-14 14:37:36.520+0000 - 0B
                                                                [system/00000000]   neostore.propertystore.db.index: 2025-06-14 14:37:36.514+0000 - 0B
                                                                [system/00000000]   neostore.propertystore.db.index.id: 2025-06-14 14:37:36.514+0000 - 0B
                                                                [system/00000000]   neostore.propertystore.db.index.keys: 2025-06-14 14:37:36.511+0000 - 8.000KiB
                                                                [system/00000000]   neostore.propertystore.db.index.keys.id: 2025-06-14 14:37:36.511+0000 - 0B
                                                                [system/00000000]   neostore.propertystore.db.strings: 2025-06-14 14:37:36.515+0000 - 8.000KiB
                                                                [system/00000000]   neostore.propertystore.db.strings.id: 2025-06-14 14:37:36.515+0000 - 0B
                                                                [system/00000000]   neostore.relationshipgroupstore.db: 2025-06-14 14:37:36.531+0000 - 8.000KiB
                                                                [system/00000000]   neostore.relationshipgroupstore.db.id: 2025-06-14 14:37:36.531+0000 - 0B
                                                                [system/00000000]   neostore.relationshipgroupstore.degrees.db: 2025-06-14 14:37:36.550+0000 - 0B
                                                                [system/00000000]   neostore.relationshipstore.db: 2025-06-14 14:37:36.521+0000 - 0B
                                                                [system/00000000]   neostore.relationshipstore.db.id: 2025-06-14 14:37:36.521+0000 - 0B
                                                                [system/00000000]   neostore.relationshiptypestore.db: 2025-06-14 14:37:36.524+0000 - 0B
                                                                [system/00000000]   neostore.relationshiptypestore.db.id: 2025-06-14 14:37:36.524+0000 - 0B
                                                                [system/00000000]   neostore.relationshiptypestore.db.names: 2025-06-14 14:37:36.521+0000 - 8.000KiB
                                                                [system/00000000]   neostore.relationshiptypestore.db.names.id: 2025-06-14 14:37:36.521+0000 - 0B
                                                                [system/00000000]   neostore.schemastore.db: 2025-06-14 14:37:36.528+0000 - 8.000KiB
                                                                [system/00000000]   neostore.schemastore.db.id: 2025-06-14 14:37:36.528+0000 - 0B
                                                                [system/00000000] Storage summary: 
                                                                [system/00000000]   Total size of store: 72.00KiB
                                                                [system/00000000]   Total size of mapped files: 72.00KiB
                                                                [system/00000000] 
                                                                [system/00000000] --------------------------------------------------------------------------------
                                                                [system/00000000]                               [ Transaction log ]                               
                                                                [system/00000000] --------------------------------------------------------------------------------
                                                                [system/00000000] Transaction log files stored on file store: btrfs
                                                                [system/00000000] Transaction log metadata:
                                                                [system/00000000]  - current kernel version used in transactions: V5_15
                                                                [system/00000000]  - last committed transaction id: 1
                                                                [system/00000000] Transaction log files:
                                                                [system/00000000]  - existing transaction log versions: -1--1
                                                                [system/00000000]  - no transactions found
                                                                [system/00000000] Checkpoint log files:
                                                                [system/00000000]  - existing checkpoint log versions: -1--1
                                                                [system/00000000]  - no checkpoints found
                                                                [system/00000000] 
                                                                [system/00000000] --------------------------------------------------------------------------------
                                                                [system/00000000]                                   [ Id usage ]                                  
                                                                [system/00000000] --------------------------------------------------------------------------------
                                                                [system/00000000] ArrayPropertyStore[neostore.nodestore.db.labels]: used=1 high=0
                                                                [system/00000000] NodeStore[neostore.nodestore.db]: used=0 high=-1
                                                                [system/00000000] StringPropertyStore[neostore.propertystore.db.index.keys]: used=1 high=0
                                                                [system/00000000] PropertyIndexStore[neostore.propertystore.db.index]: used=0 high=-1
                                                                [system/00000000] StringPropertyStore[neostore.propertystore.db.strings]: used=1 high=0
                                                                [system/00000000] ArrayPropertyStore[neostore.propertystore.db.arrays]: used=1 high=0
                                                                [system/00000000] PropertyStore[neostore.propertystore.db]: used=0 high=-1
                                                                [system/00000000] RelationshipStore[neostore.relationshipstore.db]: used=0 high=-1
                                                                [system/00000000] StringPropertyStore[neostore.relationshiptypestore.db.names]: used=1 high=0
                                                                [system/00000000] RelationshipTypeStore[neostore.relationshiptypestore.db]: used=0 high=-1
                                                                [system/00000000] StringPropertyStore[neostore.labeltokenstore.db.names]: used=1 high=0
                                                                [system/00000000] LabelTokenStore[neostore.labeltokenstore.db]: used=0 high=-1
                                                                [system/00000000] SchemaStore[neostore.schemastore.db]: used=1 high=0
                                                                [system/00000000] RelationshipGroupStore[neostore.relationshipgroupstore.db]: used=1 high=0
                                                                [system/00000000] NeoStore[neostore]: used=-1 high=-1
                                                                [system/00000000] 
                                                                [system/00000000] --------------------------------------------------------------------------------
                                                                [system/00000000]                                   [ Metadata ]                                  
                                                                [system/00000000] --------------------------------------------------------------------------------
                                                                [system/00000000] EXTERNAL_STORE_UUID (Database identifier exposed as external store identity. Generated on creation and never updated): 16668492-7d85-4eb3-ac2f-916d7a09710f
                                                                [system/00000000] DATABASE_ID (The last used DatabaseId for this database): null
                                                                [system/00000000] LEGACY_STORE_VERSION (Legacy store format version. This field is used from 5.0 onwards only to distinguish non-migrated pre 5.0 metadata stores.): -3523014627327384477
                                                                [system/00000000] STORE_ID (Store ID): StoreId{creationTime=1749911856536, random=-7795510620027682485, storageEngineName='record', formatName='aligned', majorVersion=1, minorVersion=1}
                                                                [system/00000000] 
2025-06-14 14:37:36.603+0000 INFO  [o.n.k.a.DatabaseAvailabilityGuard] [system/00000000] Requirement `Database unavailable` makes database system unavailable.
2025-06-14 14:37:36.603+0000 INFO  [o.n.k.a.DatabaseAvailabilityGuard] [system/00000000] DatabaseId{00000000[system]} is unavailable.
2025-06-14 14:37:36.609+0000 WARN  [o.n.k.i.s.MetaDataStore] [system/00000000] Missing counts store, rebuilding it.
2025-06-14 14:37:36.611+0000 WARN  [o.n.k.i.s.MetaDataStore] [system/00000000] Counts store rebuild completed.
2025-06-14 14:37:36.612+0000 WARN  [o.n.k.i.t.l.f.LogFileChannelNativeAccessor] [system/00000000] Error on attempt to preallocate log file version: 0. Error: ErrorCode=-1, errorMessage='Incorrect file descriptor.'
2025-06-14 14:37:36.618+0000 INFO  [o.n.k.d.Database] [system/00000000] Starting transaction log [/var/lib/neo4j/data/transactions/system/neostore.transaction.db.0] at version=0
2025-06-14 14:37:36.621+0000 WARN  [o.n.k.i.t.l.f.c.CheckpointFileChannelNativeAccessor] [system/00000000] Error on attempt to preallocate log file version: 0. Error: ErrorCode=-1, errorMessage='Incorrect file descriptor.'
2025-06-14 14:37:36.623+0000 INFO  [o.n.k.d.Database] [system/00000000] Starting transaction log [/var/lib/neo4j/data/transactions/system/checkpoint.0] at version=0
2025-06-14 14:37:36.624+0000 WARN  [o.n.k.i.t.l.f.c.CheckpointFileChannelNativeAccessor] [system/00000000] Unable to advise sequential access for transaction log version: 0. Error: ErrorCode=-1, errorMessage='Incorrect file descriptor.'
2025-06-14 14:37:36.624+0000 WARN  [o.n.k.i.t.l.f.c.CheckpointFileChannelNativeAccessor] [system/00000000] Unable to advise preserve data in cache for transaction log version: 0. Error: ErrorCode=-1, errorMessage='Incorrect file descriptor.'
2025-06-14 14:37:36.624+0000 INFO  [o.n.k.i.t.l.f.c.CheckpointLogFile] [system/00000000] Scanning log file with version 0 for checkpoint entries
2025-06-14 14:37:36.624+0000 WARN  [o.n.k.i.t.l.f.c.CheckpointFileChannelNativeAccessor] [system/00000000] Unable to evict transaction log from cache with version: 0. Error: ErrorCode=-1, errorMessage='Incorrect file descriptor.'
2025-06-14 14:37:36.624+0000 WARN  [o.n.k.i.t.l.f.LogFileChannelNativeAccessor] [system/00000000] Unable to advise sequential access for transaction log version: 0. Error: ErrorCode=-1, errorMessage='Incorrect file descriptor.'
2025-06-14 14:37:36.624+0000 WARN  [o.n.k.i.t.l.f.LogFileChannelNativeAccessor] [system/00000000] Unable to advise preserve data in cache for transaction log version: 0. Error: ErrorCode=-1, errorMessage='Incorrect file descriptor.'
2025-06-14 14:37:36.624+0000 WARN  [o.n.k.i.t.l.f.LogFileChannelNativeAccessor] [system/00000000] Unable to evict transaction log from cache with version: 0. Error: ErrorCode=-1, errorMessage='Incorrect file descriptor.'
2025-06-14 14:37:36.625+0000 WARN  [o.n.k.i.t.l.f.LogFileChannelNativeAccessor] [system/00000000] Unable to advise sequential access for transaction log version: 0. Error: ErrorCode=-1, errorMessage='Incorrect file descriptor.'
2025-06-14 14:37:36.625+0000 WARN  [o.n.k.i.t.l.f.LogFileChannelNativeAccessor] [system/00000000] Unable to advise preserve data in cache for transaction log version: 0. Error: ErrorCode=-1, errorMessage='Incorrect file descriptor.'
2025-06-14 14:37:36.625+0000 WARN  [o.n.k.i.t.l.f.LogFileChannelNativeAccessor] [system/00000000] Unable to evict transaction log from cache with version: 0. Error: ErrorCode=-1, errorMessage='Incorrect file descriptor.'
2025-06-14 14:37:36.643+0000 INFO  [o.n.k.a.DatabaseAvailabilityGuard] [system/00000000] Fulfilling of requirement 'Database unavailable' makes database system available.
2025-06-14 14:37:36.643+0000 INFO  [o.n.k.a.DatabaseAvailabilityGuard] [system/00000000] DatabaseId{00000000[system]} is ready.
2025-06-14 14:37:36.782+0000 INFO  [o.n.k.i.a.i.IndexPopulationJob] [system/00000000] Index population started: [Index( id=1, name='index_343aff4e', type='LOOKUP', schema=(:<any-labels>), indexProvider='token-lookup-1.0' )]
2025-06-14 14:37:36.805+0000 INFO  [o.n.k.i.a.i.IndexPopulationJob] [system/00000000] Index creation finished for index [Index( id=1, name='index_343aff4e', type='LOOKUP', schema=(:<any-labels>), indexProvider='token-lookup-1.0' )].
2025-06-14 14:37:36.809+0000 INFO  [o.n.k.i.a.i.IndexPopulationJob] [system/00000000] Index population started: [Index( id=2, name='index_f7700477', type='LOOKUP', schema=()-[:<any-types>]-(), indexProvider='token-lookup-1.0' )]
2025-06-14 14:37:36.818+0000 INFO  [o.n.k.i.a.i.IndexPopulationJob] [system/00000000] Index creation finished for index [Index( id=2, name='index_f7700477', type='LOOKUP', schema=()-[:<any-types>]-(), indexProvider='token-lookup-1.0' )].
2025-06-14 14:37:36.821+0000 INFO  [o.n.k.i.t.l.c.CheckPointerImpl] [system/00000000] Checkpoint triggered by "Database init completed." @ txId: 3 checkpoint started...
2025-06-14 14:37:36.918+0000 INFO  [o.n.k.i.t.l.c.CheckPointerImpl] [system/00000000] Checkpoint triggered by "Database init completed." @ txId: 3 checkpoint completed in 96ms. Checkpoint flushed 74 pages (0% of total available pages), in 57 IOs. Checkpoint performed with IO limit: unlimited, paused in total 0 times( 0 millis).
2025-06-14 14:37:36.919+0000 INFO  [o.n.k.i.t.l.p.LogPruningImpl] [system/00000000] No log version pruned. The strategy used was '2 days'. 
2025-06-14 14:37:36.969+0000 INFO  [o.n.k.i.a.i.IndexPopulationJob] [system/00000000] Index population started: [Index( id=3, name='constraint_798238d6', type='RANGE', schema=(:DatabaseName {name, namespace}), indexProvider='range-1.0' )]
2025-06-14 14:37:36.991+0000 INFO  [o.n.k.i.a.i.IndexPopulationJob] [system/00000000] Index creation finished for index [Index( id=3, name='constraint_798238d6', type='RANGE', schema=(:DatabaseName {name, namespace}), indexProvider='range-1.0' )].
2025-06-14 14:37:37.002+0000 INFO  [o.n.k.i.a.i.IndexPopulationJob] [system/00000000] Index population started: [Index( id=4, name='constraint_8014b60a', type='RANGE', schema=(:Database {name}), indexProvider='range-1.0' )]
2025-06-14 14:37:37.014+0000 INFO  [o.n.k.i.a.i.IndexPopulationJob] [system/00000000] Index creation finished for index [Index( id=4, name='constraint_8014b60a', type='RANGE', schema=(:Database {name}), indexProvider='range-1.0' )].
2025-06-14 14:37:37.031+0000 INFO  [o.n.k.i.a.i.IndexingService] [system/00000000] Constraint Index( id=3, name='constraint_798238d6', type='RANGE', schema=(:Label[1] {PropertyKey[11], PropertyKey[12]}), indexProvider='range-1.0' ) is ONLINE.
2025-06-14 14:37:37.031+0000 INFO  [o.n.k.i.a.i.IndexingService] [system/00000000] Constraint Index( id=4, name='constraint_8014b60a', type='RANGE', schema=(:Label[2] {PropertyKey[11]}), indexProvider='range-1.0' ) is ONLINE.
2025-06-14 14:37:37.137+0000 INFO  [o.n.k.i.a.i.IndexPopulationJob] [system/00000000] Index population started: [Index( id=7, name='constraint_5789ae3', type='RANGE', schema=(:User {name}), indexProvider='range-1.0' )]
2025-06-14 14:37:37.148+0000 INFO  [o.n.k.i.a.i.IndexPopulationJob] [system/00000000] Index creation finished for index [Index( id=7, name='constraint_5789ae3', type='RANGE', schema=(:User {name}), indexProvider='range-1.0' )].
2025-06-14 14:37:37.157+0000 INFO  [o.n.k.i.a.i.IndexPopulationJob] [system/00000000] Index population started: [Index( id=8, name='constraint_74fad970', type='RANGE', schema=(:User {id}), indexProvider='range-1.0' )]
2025-06-14 14:37:37.168+0000 INFO  [o.n.k.i.a.i.IndexPopulationJob] [system/00000000] Index creation finished for index [Index( id=8, name='constraint_74fad970', type='RANGE', schema=(:User {id}), indexProvider='range-1.0' )].
2025-06-14 14:37:37.176+0000 INFO  [o.n.k.i.a.i.IndexingService] [system/00000000] Constraint Index( id=7, name='constraint_5789ae3', type='RANGE', schema=(:Label[3] {PropertyKey[11]}), indexProvider='range-1.0' ) is ONLINE.
2025-06-14 14:37:37.176+0000 INFO  [o.n.k.i.a.i.IndexingService] [system/00000000] Constraint Index( id=8, name='constraint_74fad970', type='RANGE', schema=(:Label[3] {PropertyKey[26]}), indexProvider='range-1.0' ) is ONLINE.
2025-06-14 14:37:37.177+0000 INFO  [o.n.s.s.s.UserSecurityGraphComponent] Initializing system graph model for component 'security-users' with version -1 and status UNINITIALIZED
2025-06-14 14:37:37.179+0000 INFO  [o.n.s.s.s.UserSecurityGraphComponent] Setting up initial user from `auth.ini` file: neo4j
2025-06-14 14:37:37.180+0000 INFO  [o.n.s.s.a.CommunitySecurityModule] CREATE USER neo4j PASSWORD ****** CHANGE NOT REQUIRED
2025-06-14 14:37:37.188+0000 INFO  [o.n.s.s.s.UserSecurityGraphComponent] Setting version for 'security-users' to 4
2025-06-14 14:37:37.191+0000 INFO  [o.n.s.s.s.UserSecurityGraphComponent] After initialization of system graph model component 'security-users' have version 4 and status CURRENT
2025-06-14 14:37:37.194+0000 INFO  [o.n.s.s.s.UserSecurityGraphComponent] Performing postInitialization step for component 'security-users' with version 4 and status CURRENT
2025-06-14 14:37:37.196+0000 INFO  [o.n.d.d.DatabaseLifecycles] Creating 'DatabaseId{abd948a4[neo4j]}'.
2025-06-14 14:37:37.197+0000 INFO  [o.n.d.d.DatabaseLifecycles] Starting 'DatabaseId{abd948a4[neo4j]}'.
2025-06-14 14:37:37.200+0000 INFO  [o.n.k.i.s.f.RecordFormatSelector] [neo4j/abd948a4] Selected configured format for store /var/lib/neo4j/data/databases/neo4j: RecordFormat:PageAlignedV5_0[aligned-1.1]
2025-06-14 14:37:37.228+0000 INFO  [o.n.i.d.DiagnosticsManager] [neo4j/abd948a4] 
                                                                [neo4j/abd948a4] ********************************************************************************
                                                                [neo4j/abd948a4]                               [ Database: neo4j ]                               
                                                                [neo4j/abd948a4] ********************************************************************************
                                                                [neo4j/abd948a4] --------------------------------------------------------------------------------
                                                                [neo4j/abd948a4]                                   [ Version ]                                   
                                                                [neo4j/abd948a4] --------------------------------------------------------------------------------
                                                                [neo4j/abd948a4] DBMS: community record-aligned-1.1
                                                                [neo4j/abd948a4] Kernel version: 5.15.0
                                                                [neo4j/abd948a4] 
                                                                [neo4j/abd948a4] --------------------------------------------------------------------------------
                                                                [neo4j/abd948a4]                                 [ Store files ]                                 
                                                                [neo4j/abd948a4] --------------------------------------------------------------------------------
                                                                [neo4j/abd948a4] Disk space on partition (Total / Free / Free %): 4000785104896 / 2072718020608 / 51
                                                                [neo4j/abd948a4] Storage files stored on file store: btrfs
                                                                [neo4j/abd948a4] Storage files: (filename : modification date - size)
                                                                [neo4j/abd948a4]   neostore: 2025-06-14 14:37:37.220+0000 - 8.000KiB
                                                                [neo4j/abd948a4]   neostore.counts.db: 2025-06-14 14:37:37.222+0000 - 0B
                                                                [neo4j/abd948a4]   neostore.indexstats.db: 2025-06-14 14:37:37.223+0000 - 0B
                                                                [neo4j/abd948a4]   neostore.labeltokenstore.db: 2025-06-14 14:37:37.215+0000 - 0B
                                                                [neo4j/abd948a4]   neostore.labeltokenstore.db.id: 2025-06-14 14:37:37.215+0000 - 0B
                                                                [neo4j/abd948a4]   neostore.labeltokenstore.db.names: 2025-06-14 14:37:37.213+0000 - 8.000KiB
                                                                [neo4j/abd948a4]   neostore.labeltokenstore.db.names.id: 2025-06-14 14:37:37.213+0000 - 0B
                                                                [neo4j/abd948a4]   neostore.nodestore.db: 2025-06-14 14:37:37.202+0000 - 0B
                                                                [neo4j/abd948a4]   neostore.nodestore.db.id: 2025-06-14 14:37:37.202+0000 - 0B
                                                                [neo4j/abd948a4]   neostore.nodestore.db.labels: 2025-06-14 14:37:37.200+0000 - 8.000KiB
                                                                [neo4j/abd948a4]   neostore.nodestore.db.labels.id: 2025-06-14 14:37:37.200+0000 - 0B
                                                                [neo4j/abd948a4]   neostore.propertystore.db: 2025-06-14 14:37:37.210+0000 - 0B
                                                                [neo4j/abd948a4]   neostore.propertystore.db.arrays: 2025-06-14 14:37:37.208+0000 - 8.000KiB
                                                                [neo4j/abd948a4]   neostore.propertystore.db.arrays.id: 2025-06-14 14:37:37.207+0000 - 0B
                                                                [neo4j/abd948a4]   neostore.propertystore.db.id: 2025-06-14 14:37:37.210+0000 - 0B
                                                                [neo4j/abd948a4]   neostore.propertystore.db.index: 2025-06-14 14:37:37.205+0000 - 0B
                                                                [neo4j/abd948a4]   neostore.propertystore.db.index.id: 2025-06-14 14:37:37.205+0000 - 0B
                                                                [neo4j/abd948a4]   neostore.propertystore.db.index.keys: 2025-06-14 14:37:37.203+0000 - 8.000KiB
                                                                [neo4j/abd948a4]   neostore.propertystore.db.index.keys.id: 2025-06-14 14:37:37.202+0000 - 0B
                                                                [neo4j/abd948a4]   neostore.propertystore.db.strings: 2025-06-14 14:37:37.205+0000 - 8.000KiB
                                                                [neo4j/abd948a4]   neostore.propertystore.db.strings.id: 2025-06-14 14:37:37.205+0000 - 0B
                                                                [neo4j/abd948a4]   neostore.relationshipgroupstore.db: 2025-06-14 14:37:37.218+0000 - 8.000KiB
                                                                [neo4j/abd948a4]   neostore.relationshipgroupstore.db.id: 2025-06-14 14:37:37.217+0000 - 0B
                                                                [neo4j/abd948a4]   neostore.relationshipgroupstore.degrees.db: 2025-06-14 14:37:37.222+0000 - 0B
                                                                [neo4j/abd948a4]   neostore.relationshipstore.db: 2025-06-14 14:37:37.210+0000 - 0B
                                                                [neo4j/abd948a4]   neostore.relationshipstore.db.id: 2025-06-14 14:37:37.210+0000 - 0B
                                                                [neo4j/abd948a4]   neostore.relationshiptypestore.db: 2025-06-14 14:37:37.213+0000 - 0B
                                                                [neo4j/abd948a4]   neostore.relationshiptypestore.db.id: 2025-06-14 14:37:37.213+0000 - 0B
                                                                [neo4j/abd948a4]   neostore.relationshiptypestore.db.names: 2025-06-14 14:37:37.210+0000 - 8.000KiB
                                                                [neo4j/abd948a4]   neostore.relationshiptypestore.db.names.id: 2025-06-14 14:37:37.210+0000 - 0B
                                                                [neo4j/abd948a4]   neostore.schemastore.db: 2025-06-14 14:37:37.215+0000 - 8.000KiB
                                                                [neo4j/abd948a4]   neostore.schemastore.db.id: 2025-06-14 14:37:37.215+0000 - 0B
                                                                [neo4j/abd948a4] Storage summary: 
                                                                [neo4j/abd948a4]   Total size of store: 72.00KiB
                                                                [neo4j/abd948a4]   Total size of mapped files: 72.00KiB
                                                                [neo4j/abd948a4] 
                                                                [neo4j/abd948a4] --------------------------------------------------------------------------------
                                                                [neo4j/abd948a4]                               [ Transaction log ]                               
                                                                [neo4j/abd948a4] --------------------------------------------------------------------------------
                                                                [neo4j/abd948a4] Transaction log files stored on file store: btrfs
                                                                [neo4j/abd948a4] Transaction log metadata:
                                                                [neo4j/abd948a4]  - current kernel version used in transactions: V5_15
                                                                [neo4j/abd948a4]  - last committed transaction id: 1
                                                                [neo4j/abd948a4] Transaction log files:
                                                                [neo4j/abd948a4]  - existing transaction log versions: -1--1
                                                                [neo4j/abd948a4]  - no transactions found
                                                                [neo4j/abd948a4] Checkpoint log files:
                                                                [neo4j/abd948a4]  - existing checkpoint log versions: -1--1
                                                                [neo4j/abd948a4]  - no checkpoints found
                                                                [neo4j/abd948a4] 
                                                                [neo4j/abd948a4] --------------------------------------------------------------------------------
                                                                [neo4j/abd948a4]                                   [ Id usage ]                                  
                                                                [neo4j/abd948a4] --------------------------------------------------------------------------------
                                                                [neo4j/abd948a4] ArrayPropertyStore[neostore.nodestore.db.labels]: used=1 high=0
                                                                [neo4j/abd948a4] NodeStore[neostore.nodestore.db]: used=0 high=-1
                                                                [neo4j/abd948a4] StringPropertyStore[neostore.propertystore.db.index.keys]: used=1 high=0
                                                                [neo4j/abd948a4] PropertyIndexStore[neostore.propertystore.db.index]: used=0 high=-1
                                                                [neo4j/abd948a4] StringPropertyStore[neostore.propertystore.db.strings]: used=1 high=0
                                                                [neo4j/abd948a4] ArrayPropertyStore[neostore.propertystore.db.arrays]: used=1 high=0
                                                                [neo4j/abd948a4] PropertyStore[neostore.propertystore.db]: used=0 high=-1
                                                                [neo4j/abd948a4] RelationshipStore[neostore.relationshipstore.db]: used=0 high=-1
                                                                [neo4j/abd948a4] StringPropertyStore[neostore.relationshiptypestore.db.names]: used=1 high=0
                                                                [neo4j/abd948a4] RelationshipTypeStore[neostore.relationshiptypestore.db]: used=0 high=-1
                                                                [neo4j/abd948a4] StringPropertyStore[neostore.labeltokenstore.db.names]: used=1 high=0
                                                                [neo4j/abd948a4] LabelTokenStore[neostore.labeltokenstore.db]: used=0 high=-1
                                                                [neo4j/abd948a4] SchemaStore[neostore.schemastore.db]: used=1 high=0
                                                                [neo4j/abd948a4] RelationshipGroupStore[neostore.relationshipgroupstore.db]: used=1 high=0
                                                                [neo4j/abd948a4] NeoStore[neostore]: used=-1 high=-1
                                                                [neo4j/abd948a4] 
                                                                [neo4j/abd948a4] --------------------------------------------------------------------------------
                                                                [neo4j/abd948a4]                                   [ Metadata ]                                  
                                                                [neo4j/abd948a4] --------------------------------------------------------------------------------
                                                                [neo4j/abd948a4] EXTERNAL_STORE_UUID (Database identifier exposed as external store identity. Generated on creation and never updated): 37779cb1-b910-4d1b-97c6-fd07ae67ff1d
                                                                [neo4j/abd948a4] DATABASE_ID (The last used DatabaseId for this database): null
                                                                [neo4j/abd948a4] LEGACY_STORE_VERSION (Legacy store format version. This field is used from 5.0 onwards only to distinguish non-migrated pre 5.0 metadata stores.): -3523014627327384477
                                                                [neo4j/abd948a4] STORE_ID (Store ID): StoreId{creationTime=1749911857221, random=8058938258163316686, storageEngineName='record', formatName='aligned', majorVersion=1, minorVersion=1}
                                                                [neo4j/abd948a4] 
2025-06-14 14:37:37.229+0000 INFO  [o.n.k.a.DatabaseAvailabilityGuard] [neo4j/abd948a4] Requirement `Database unavailable` makes database neo4j unavailable.
2025-06-14 14:37:37.229+0000 INFO  [o.n.k.a.DatabaseAvailabilityGuard] [neo4j/abd948a4] DatabaseId{abd948a4[neo4j]} is unavailable.
2025-06-14 14:37:37.230+0000 WARN  [o.n.k.i.s.MetaDataStore] [neo4j/abd948a4] Missing counts store, rebuilding it.
2025-06-14 14:37:37.230+0000 WARN  [o.n.k.i.s.MetaDataStore] [neo4j/abd948a4] Counts store rebuild completed.
2025-06-14 14:37:37.230+0000 WARN  [o.n.k.i.t.l.f.LogFileChannelNativeAccessor] [neo4j/abd948a4] Error on attempt to preallocate log file version: 0. Error: ErrorCode=-1, errorMessage='Incorrect file descriptor.'
2025-06-14 14:37:37.232+0000 INFO  [o.n.k.d.Database] [neo4j/abd948a4] Starting transaction log [/var/lib/neo4j/data/transactions/neo4j/neostore.transaction.db.0] at version=0
2025-06-14 14:37:37.234+0000 WARN  [o.n.k.i.t.l.f.c.CheckpointFileChannelNativeAccessor] [neo4j/abd948a4] Error on attempt to preallocate log file version: 0. Error: ErrorCode=-1, errorMessage='Incorrect file descriptor.'
2025-06-14 14:37:37.236+0000 INFO  [o.n.k.d.Database] [neo4j/abd948a4] Starting transaction log [/var/lib/neo4j/data/transactions/neo4j/checkpoint.0] at version=0
2025-06-14 14:37:37.236+0000 WARN  [o.n.k.i.t.l.f.c.CheckpointFileChannelNativeAccessor] [neo4j/abd948a4] Unable to advise sequential access for transaction log version: 0. Error: ErrorCode=-1, errorMessage='Incorrect file descriptor.'
2025-06-14 14:37:37.236+0000 WARN  [o.n.k.i.t.l.f.c.CheckpointFileChannelNativeAccessor] [neo4j/abd948a4] Unable to advise preserve data in cache for transaction log version: 0. Error: ErrorCode=-1, errorMessage='Incorrect file descriptor.'
2025-06-14 14:37:37.236+0000 INFO  [o.n.k.i.t.l.f.c.CheckpointLogFile] [neo4j/abd948a4] Scanning log file with version 0 for checkpoint entries
2025-06-14 14:37:37.237+0000 WARN  [o.n.k.i.t.l.f.c.CheckpointFileChannelNativeAccessor] [neo4j/abd948a4] Unable to evict transaction log from cache with version: 0. Error: ErrorCode=-1, errorMessage='Incorrect file descriptor.'
2025-06-14 14:37:37.237+0000 WARN  [o.n.k.i.t.l.f.LogFileChannelNativeAccessor] [neo4j/abd948a4] Unable to advise sequential access for transaction log version: 0. Error: ErrorCode=-1, errorMessage='Incorrect file descriptor.'
2025-06-14 14:37:37.237+0000 WARN  [o.n.k.i.t.l.f.LogFileChannelNativeAccessor] [neo4j/abd948a4] Unable to advise preserve data in cache for transaction log version: 0. Error: ErrorCode=-1, errorMessage='Incorrect file descriptor.'
2025-06-14 14:37:37.237+0000 WARN  [o.n.k.i.t.l.f.LogFileChannelNativeAccessor] [neo4j/abd948a4] Unable to evict transaction log from cache with version: 0. Error: ErrorCode=-1, errorMessage='Incorrect file descriptor.'
2025-06-14 14:37:37.237+0000 WARN  [o.n.k.i.t.l.f.LogFileChannelNativeAccessor] [neo4j/abd948a4] Unable to advise sequential access for transaction log version: 0. Error: ErrorCode=-1, errorMessage='Incorrect file descriptor.'
2025-06-14 14:37:37.237+0000 WARN  [o.n.k.i.t.l.f.LogFileChannelNativeAccessor] [neo4j/abd948a4] Unable to advise preserve data in cache for transaction log version: 0. Error: ErrorCode=-1, errorMessage='Incorrect file descriptor.'
2025-06-14 14:37:37.237+0000 WARN  [o.n.k.i.t.l.f.LogFileChannelNativeAccessor] [neo4j/abd948a4] Unable to evict transaction log from cache with version: 0. Error: ErrorCode=-1, errorMessage='Incorrect file descriptor.'
2025-06-14 14:37:37.238+0000 INFO  [o.n.k.a.DatabaseAvailabilityGuard] [neo4j/abd948a4] Fulfilling of requirement 'Database unavailable' makes database neo4j available.
2025-06-14 14:37:37.238+0000 INFO  [o.n.k.a.DatabaseAvailabilityGuard] [neo4j/abd948a4] DatabaseId{abd948a4[neo4j]} is ready.
2025-06-14 14:37:37.243+0000 INFO  [o.n.k.i.a.i.IndexPopulationJob] [neo4j/abd948a4] Index population started: [Index( id=1, name='index_343aff4e', type='LOOKUP', schema=(:<any-labels>), indexProvider='token-lookup-1.0' )]
2025-06-14 14:37:37.252+0000 INFO  [o.n.k.i.a.i.IndexPopulationJob] [neo4j/abd948a4] Index creation finished for index [Index( id=1, name='index_343aff4e', type='LOOKUP', schema=(:<any-labels>), indexProvider='token-lookup-1.0' )].
2025-06-14 14:37:37.254+0000 INFO  [o.n.k.i.a.i.IndexPopulationJob] [neo4j/abd948a4] Index population started: [Index( id=2, name='index_f7700477', type='LOOKUP', schema=()-[:<any-types>]-(), indexProvider='token-lookup-1.0' )]
2025-06-14 14:37:37.262+0000 INFO  [o.n.k.i.a.i.IndexPopulationJob] [neo4j/abd948a4] Index creation finished for index [Index( id=2, name='index_f7700477', type='LOOKUP', schema=()-[:<any-types>]-(), indexProvider='token-lookup-1.0' )].
2025-06-14 14:37:37.264+0000 INFO  [o.n.k.i.t.l.c.CheckPointerImpl] [neo4j/abd948a4] Checkpoint triggered by "Database init completed." @ txId: 3 checkpoint started...
2025-06-14 14:37:37.360+0000 INFO  [o.n.k.i.t.l.c.CheckPointerImpl] [neo4j/abd948a4] Checkpoint triggered by "Database init completed." @ txId: 3 checkpoint completed in 95ms. Checkpoint flushed 74 pages (0% of total available pages), in 58 IOs. Checkpoint performed with IO limit: unlimited, paused in total 0 times( 0 millis).
2025-06-14 14:37:37.360+0000 INFO  [o.n.k.i.t.l.p.LogPruningImpl] [neo4j/abd948a4] No log version pruned. The strategy used was '2 days'. 
2025-06-14 14:37:37.400+0000 INFO  [o.n.b.p.c.c.n.SocketNettyConnector] Bolt enabled on 0.0.0.0:7687.
2025-06-14 14:37:37.400+0000 INFO  [o.n.b.BoltServer] Bolt server started
2025-06-14 14:37:37.400+0000 INFO  [o.n.s.A.ServerComponentsLifecycleAdapter] Starting web server
2025-06-14 14:37:37.727+0000 INFO  [o.n.s.CommunityNeoWebServer] HTTP enabled on 0.0.0.0:7474.
2025-06-14 14:37:37.728+0000 INFO  [o.n.s.CommunityNeoWebServer] Remote interface available at http://localhost:7474/
2025-06-14 14:37:37.728+0000 INFO  [o.n.s.A.ServerComponentsLifecycleAdapter] Web server started.
2025-06-14 14:37:37.729+0000 INFO  [o.n.g.f.DatabaseManagementServiceFactory] id: E3FA12807A0CD009C7485E3778DC06268D8532B71F22EC2E8034A49394708ED5
2025-06-14 14:37:37.729+0000 INFO  [o.n.g.f.DatabaseManagementServiceFactory] name: system
2025-06-14 14:37:37.730+0000 INFO  [o.n.g.f.DatabaseManagementServiceFactory] creationDate: 2025-06-14T14:37:36.536Z
2025-06-14 14:50:56.921+0000 WARN  [o.n.k.i.a.t.m.TransactionMonitor] Transaction QueryRouterTransaction[clientAddress=172.17.0.1:51698,username=neo4j] timeout.
